<?xml version="1.0" encoding="UTF-8"?>
<!-- Generated by org.testng.reporters.JUnitReportReporter -->
<testsuite hostname="M1525101" name="com.cerner.pctorion.platformTests.ORN_VR_PatientSearch" tests="1" failures="0" timestamp="8 Dec 2016 13:24:48 GMT" time="79.999" errors="0">
  <testcase name="VRPatientSearch" time="79.999" classname="com.cerner.pctorion.platformTests.ORN_VR_PatientSearch"/>
</testsuite> <!-- com.cerner.pctorion.platformTests.ORN_VR_PatientSearch -->
